Using pre-set license
Built from '2020.3/staging' branch; Version is '2020.3.0f1 (c7b5465681fb) revision 13088070'; Using compiler version '192528614'; Build Type 'Release'
OS: 'Windows 10 Pro; OS build 19041.985; Version 2004; 64bit' Language: 'de' Physical Memory: 16152 MB
BatchMode: 1, IsHumanControllingUs: 0, StartBugReporterOnCrash: 0, Is64bit: 1, IsPro: 0

 COMMAND LINE ARGUMENTS:
C:\Program Files\Unity\Hub\Editor\2020.3.0f1\Editor\Unity.exe
-adb2
-batchMode
-noUpm
-name
AssetImportWorker0
-projectPath
C:/Users/carme/Documents/GitHub/horror-labyrinth-game/FH Project
-logFile
Logs/AssetImportWorker0.log
-srvPort
<<<<<<< HEAD
54072
Successfully changed project path to: D:/data/uni/2. Semester/ITP/Labyrith/horror-labyrinth-game/FH Project
D:/data/uni/2. Semester/ITP/Labyrith/horror-labyrinth-game/FH Project
Using Asset Import Pipeline V2.
Refreshing native plugins compatible for Editor in 37.37 ms, found 0 plugins.
=======
52919
Successfully changed project path to: C:/Users/carme/Documents/GitHub/horror-labyrinth-game/FH Project
C:/Users/carme/Documents/GitHub/horror-labyrinth-game/FH Project
Using Asset Import Pipeline V2.
Refreshing native plugins compatible for Editor in 32.92 ms, found 0 plugins.
>>>>>>> parent of 9908188... Menu fix + deleted "options" from main menu
Preloading 0 native plugins for Editor in 0.00 ms.
Initialize engine version: 2020.3.0f1 (c7b5465681fb)
[Subsystems] Discovering subsystems at path C:/Program Files/Unity/Hub/Editor/2020.3.0f1/Editor/Data/Resources/UnitySubsystems
[Subsystems] Discovering subsystems at path C:/Users/carme/Documents/GitHub/horror-labyrinth-game/FH Project/Assets
GfxDevice: creating device client; threaded=0
Direct3D:
    Version:  Direct3D 11.0 [level 11.1]
    Renderer: Intel(R) UHD Graphics 620 (ID=0x3ea0)
    Vendor:   
    VRAM:     8076 MB
    Driver:   27.20.100.8935
Initialize mono
<<<<<<< HEAD
Mono path[0] = 'C:/Users/noobk/Desktop/Unity Projects/2020.3.0f1/Editor/Data/Managed'
Mono path[1] = 'C:/Users/noobk/Desktop/Unity Projects/2020.3.0f1/Editor/Data/MonoBleedingEdge/lib/mono/unityjit'
Mono config path = 'C:/Users/noobk/Desktop/Unity Projects/2020.3.0f1/Editor/Data/MonoBleedingEdge/etc'
Using monoOptions --debugger-agent=transport=dt_socket,embedding=1,server=y,suspend=n,address=127.0.0.1:56904
Begin MonoManager ReloadAssembly
Registering precompiled unity dll's ...
Register platform support module: C:/Users/noobk/Desktop/Unity Projects/2020.3.0f1/Editor/Data/PlaybackEngines/WindowsStandaloneSupport/UnityEditor.WindowsStandalone.Extensions.dll
Registered in 0.002279 seconds.
Native extension for WindowsStandalone target not found
Refreshing native plugins compatible for Editor in 34.95 ms, found 0 plugins.
=======
Mono path[0] = 'C:/Program Files/Unity/Hub/Editor/2020.3.0f1/Editor/Data/Managed'
Mono path[1] = 'C:/Program Files/Unity/Hub/Editor/2020.3.0f1/Editor/Data/MonoBleedingEdge/lib/mono/unityjit'
Mono config path = 'C:/Program Files/Unity/Hub/Editor/2020.3.0f1/Editor/Data/MonoBleedingEdge/etc'
Using monoOptions --debugger-agent=transport=dt_socket,embedding=1,server=y,suspend=n,address=127.0.0.1:56004
Begin MonoManager ReloadAssembly
Registering precompiled unity dll's ...
Register platform support module: C:/Program Files/Unity/Hub/Editor/2020.3.0f1/Editor/Data/PlaybackEngines/WindowsStandaloneSupport/UnityEditor.WindowsStandalone.Extensions.dll
Registered in 0.001859 seconds.
Native extension for WindowsStandalone target not found
Refreshing native plugins compatible for Editor in 30.16 ms, found 0 plugins.
>>>>>>> parent of 9908188... Menu fix + deleted "options" from main menu
Preloading 0 native plugins for Editor in 0.00 ms.
Invoked RoslynAnalysisRunner static constructor.
RoslynAnalysisRunner will not be running.
RoslynAnalysisRunner has terminated.
Mono: successfully reloaded assembly
- Completed reload, in  1.037 seconds
Platform modules already initialized, skipping
Registering precompiled user dll's ...
<<<<<<< HEAD
Registered in 0.000762 seconds.
=======
Registered in 0.000707 seconds.
>>>>>>> parent of 9908188... Menu fix + deleted "options" from main menu
Begin MonoManager ReloadAssembly
Native extension for WindowsStandalone target not found
Refreshing native plugins compatible for Editor in 0.30 ms, found 0 plugins.
Preloading 0 native plugins for Editor in 0.00 ms.
Invoked RoslynAnalysisRunner static constructor.
RoslynAnalysisRunner will not be running.
RoslynAnalysisRunner has terminated.
Mono: successfully reloaded assembly
<<<<<<< HEAD
- Completed reload, in  0.987 seconds
=======
- Completed reload, in  0.846 seconds
>>>>>>> parent of 9908188... Menu fix + deleted "options" from main menu
Platform modules already initialized, skipping
========================================================================
Worker process is ready to serve import requests
Launched and connected shader compiler UnityShaderCompiler.exe after 0.05 seconds
<<<<<<< HEAD
Refreshing native plugins compatible for Editor in 0.34 ms, found 0 plugins.
=======
Refreshing native plugins compatible for Editor in 0.28 ms, found 0 plugins.
>>>>>>> parent of 9908188... Menu fix + deleted "options" from main menu
Preloading 0 native plugins for Editor in 0.00 ms.
Unloading 1131 Unused Serialized files (Serialized files now loaded: 0)
System memory in use before: 62.5 MB.
System memory in use after: 62.5 MB.

<<<<<<< HEAD
Unloading 10 unused Assets to reduce memory usage. Loaded Objects now: 1591.
Total: 2.194100 ms (FindLiveObjects: 0.220100 ms CreateObjectMapping: 0.072800 ms MarkObjects: 1.743800 ms  DeleteObjects: 0.156400 ms)

========================================================================
Received Import Request.
  path: Assets/Scenes/Menu.unity
  artifactKey: Guid(137c66282dc8ae24fad344854bf146b4) Importer(815301076,1909f56bfc062723c751e8b465ee728b)
Start importing Assets/Scenes/Menu.unity using Guid(137c66282dc8ae24fad344854bf146b4) Importer(815301076,1909f56bfc062723c751e8b465ee728b)  -> (artifact id: 'e3f639089e37408e7c13acedbea35a97') in 0.018913 seconds
  Import took 0.021326 seconds .

========================================================================
Received Import Request.
  Time since last request: 131.526195 seconds.
  path: Assets/Scenes/Labyrinth_without_outer_walls.unity
  artifactKey: Guid(509091ef90aba7d4cb79a94fa9e66f3a) Importer(815301076,1909f56bfc062723c751e8b465ee728b)
Start importing Assets/Scenes/Labyrinth_without_outer_walls.unity using Guid(509091ef90aba7d4cb79a94fa9e66f3a) Importer(815301076,1909f56bfc062723c751e8b465ee728b)  -> (artifact id: '4379cc3eab3530f1d244965dc73984c4') in 0.009010 seconds
  Import took 0.012360 seconds .
=======
Unloading 10 unused Assets to reduce memory usage. Loaded Objects now: 1581.
Total: 2.947600 ms (FindLiveObjects: 0.209100 ms CreateObjectMapping: 0.067000 ms MarkObjects: 2.542200 ms  DeleteObjects: 0.128000 ms)

========================================================================
Received Import Request.
  path: Assets/Scripts/Flashlight.prefab
  artifactKey: Guid(a92e6a153d8c77c47b4c2c4b3533d15d) Importer(815301076,1909f56bfc062723c751e8b465ee728b)
Start importing Assets/Scripts/Flashlight.prefab using Guid(a92e6a153d8c77c47b4c2c4b3533d15d) Importer(815301076,1909f56bfc062723c751e8b465ee728b)  -> (artifact id: '5baaad14c8f9a8ac7311dfaca2d386b0') in 0.129111 seconds
  Import took 0.132162 seconds .

========================================================================
Received Import Request.
  Time since last request: 0.000315 seconds.
  path: Assets/Scripts/coin.asset
  artifactKey: Guid(e79b2f4773edd53438013edd5b99e45a) Importer(815301076,1909f56bfc062723c751e8b465ee728b)
Start importing Assets/Scripts/coin.asset using Guid(e79b2f4773edd53438013edd5b99e45a) Importer(815301076,1909f56bfc062723c751e8b465ee728b)  -> (artifact id: '7b75a78639e3fb81442427586aeacfb9') in 0.013709 seconds
  Import took 0.016005 seconds .

========================================================================
Received Import Request.
  Time since last request: 73.033548 seconds.
  path: Assets/DoorPack/Single_Door_Model.FBX
  artifactKey: Guid(c6b026d4f73ef19409feed1391f6868c) Importer(815301076,1909f56bfc062723c751e8b465ee728b)
Start importing Assets/DoorPack/Single_Door_Model.FBX using Guid(c6b026d4f73ef19409feed1391f6868c) Importer(815301076,1909f56bfc062723c751e8b465ee728b)  -> (artifact id: '4f8f8ba61672a0ec26416030e99aa932') in 0.105859 seconds
  Import took 0.108357 seconds .

========================================================================
Received Import Request.
  Time since last request: 14.779473 seconds.
  path: Assets/TextMesh Pro/MenuColorGradient.asset
  artifactKey: Guid(ad0dbabef6d266448944865f32b7df8b) Importer(815301076,1909f56bfc062723c751e8b465ee728b)
Start importing Assets/TextMesh Pro/MenuColorGradient.asset using Guid(ad0dbabef6d266448944865f32b7df8b) Importer(815301076,1909f56bfc062723c751e8b465ee728b)  -> (artifact id: '67bc745adfc0bed9cfd1622902e403d0') in 0.009492 seconds
  Import took 0.012247 seconds .

========================================================================
Received Import Request.
  Time since last request: 9.146100 seconds.
  path: Assets/DoorPack/Door.prefab
  artifactKey: Guid(b67093c6b80395e47b71e4163d3f0441) Importer(815301076,1909f56bfc062723c751e8b465ee728b)
Start importing Assets/DoorPack/Door.prefab using Guid(b67093c6b80395e47b71e4163d3f0441) Importer(815301076,1909f56bfc062723c751e8b465ee728b)  -> (artifact id: 'dd3354588d6a9811a29194f826e1776a') in 0.043608 seconds
  Import took 0.048499 seconds .

========================================================================
Received Import Request.
  Time since last request: 0.000475 seconds.
  path: Assets/DoorPack/Door_with_wall 2.prefab
  artifactKey: Guid(6a067480e2754eb42bc187d14ea8ade4) Importer(815301076,1909f56bfc062723c751e8b465ee728b)
Start importing Assets/DoorPack/Door_with_wall 2.prefab using Guid(6a067480e2754eb42bc187d14ea8ade4) Importer(815301076,1909f56bfc062723c751e8b465ee728b)  -> (artifact id: '83265946450f37f1be201c925f94d077') in 0.047610 seconds
  Import took 0.052837 seconds .

========================================================================
Received Import Request.
  Time since last request: 0.000361 seconds.
  path: Assets/DoorPack/Door.prefab
  artifactKey: Guid(b67093c6b80395e47b71e4163d3f0441) Importer(815301076,1909f56bfc062723c751e8b465ee728b)
Start importing Assets/DoorPack/Door.prefab using Guid(b67093c6b80395e47b71e4163d3f0441) Importer(815301076,1909f56bfc062723c751e8b465ee728b)  -> (artifact id: 'dd3354588d6a9811a29194f826e1776a') in 0.037761 seconds
  Import took 0.041639 seconds .

========================================================================
Received Import Request.
  Time since last request: 2.988336 seconds.
  path: Assets/DoorPack/DoorController.cs
  artifactKey: Guid(a95512afc4d83c7438c3b293b58c84c0) Importer(815301076,1909f56bfc062723c751e8b465ee728b)
Start importing Assets/DoorPack/DoorController.cs using Guid(a95512afc4d83c7438c3b293b58c84c0) Importer(815301076,1909f56bfc062723c751e8b465ee728b)  -> (artifact id: '23a474c13967679a225e54c18647ee02') in 0.018383 seconds
  Import took 0.020657 seconds .

========================================================================
Received Prepare
Registering precompiled user dll's ...
Registered in 0.000740 seconds.
Begin MonoManager ReloadAssembly
Native extension for WindowsStandalone target not found
Refreshing native plugins compatible for Editor in 0.32 ms, found 0 plugins.
Preloading 0 native plugins for Editor in 0.00 ms.
Invoked RoslynAnalysisRunner static constructor.
RoslynAnalysisRunner will not be running.
RoslynAnalysisRunner has terminated.
Mono: successfully reloaded assembly
- Completed reload, in  0.892 seconds
Platform modules already initialized, skipping
Refreshing native plugins compatible for Editor in 0.31 ms, found 0 plugins.
Preloading 0 native plugins for Editor in 0.00 ms.
Unloading 1125 Unused Serialized files (Serialized files now loaded: 0)
System memory in use before: 65.9 MB.
System memory in use after: 66.0 MB.

Unloading 5 unused Assets to reduce memory usage. Loaded Objects now: 1628.
Total: 1.916100 ms (FindLiveObjects: 0.139300 ms CreateObjectMapping: 0.035600 ms MarkObjects: 1.671200 ms  DeleteObjects: 0.068400 ms)

========================================================================
Received Import Request.
  Time since last request: 1720.131466 seconds.
  path: Assets/DoorPack/DoorController.cs
  artifactKey: Guid(a95512afc4d83c7438c3b293b58c84c0) Importer(815301076,1909f56bfc062723c751e8b465ee728b)
Start importing Assets/DoorPack/DoorController.cs using Guid(a95512afc4d83c7438c3b293b58c84c0) Importer(815301076,1909f56bfc062723c751e8b465ee728b)  -> (artifact id: '5a92fb2399ef53e6ed963147edbf97cf') in 0.011109 seconds
  Import took 0.013223 seconds .

========================================================================
Received Import Request.
  Time since last request: 121.825580 seconds.
  path: Assets/219492__jarredgibb__door-creak-02.wav
  artifactKey: Guid(1d473311ac456a04f83fce6692b1772c) Importer(815301076,1909f56bfc062723c751e8b465ee728b)
Start importing Assets/219492__jarredgibb__door-creak-02.wav using Guid(1d473311ac456a04f83fce6692b1772c) Importer(815301076,1909f56bfc062723c751e8b465ee728b)  -> (artifact id: '2c442ee2633f5fa1d8167a092cbb18c4') in 0.073799 seconds
  Import took 0.077011 seconds .

========================================================================
Received Import Request.
  Time since last request: 0.000321 seconds.
  path: Assets/342554__inspectorj__door-squeak-normal-b.wav
  artifactKey: Guid(24b9c96149293c14eb836ff2beab4695) Importer(815301076,1909f56bfc062723c751e8b465ee728b)
Start importing Assets/342554__inspectorj__door-squeak-normal-b.wav using Guid(24b9c96149293c14eb836ff2beab4695) Importer(815301076,1909f56bfc062723c751e8b465ee728b)  -> (artifact id: 'bcb15255e13428eea6f17c07fbba3419') in 0.020900 seconds
  Import took 0.023941 seconds .

========================================================================
Received Import Request.
  Time since last request: 0.000453 seconds.
  path: Assets/460542__coosemek__door-creak.wav
  artifactKey: Guid(3634ed587336cca44bc58fba95c8f70c) Importer(815301076,1909f56bfc062723c751e8b465ee728b)
Start importing Assets/460542__coosemek__door-creak.wav using Guid(3634ed587336cca44bc58fba95c8f70c) Importer(815301076,1909f56bfc062723c751e8b465ee728b)  -> (artifact id: 'c1dd49f8fc725070fcb352a109451fdf') in 0.018815 seconds
  Import took 0.024084 seconds .

========================================================================
Received Import Request.
  Time since last request: 0.000307 seconds.
  path: Assets/219499__jarredgibb__door-creak.wav
  artifactKey: Guid(27a5f3ca68201934c90573c3f51cdaab) Importer(815301076,1909f56bfc062723c751e8b465ee728b)
Start importing Assets/219499__jarredgibb__door-creak.wav using Guid(27a5f3ca68201934c90573c3f51cdaab) Importer(815301076,1909f56bfc062723c751e8b465ee728b)  -> (artifact id: '434cfcb2abb48f1c8deaa3aabc9f1436') in 0.023070 seconds
  Import took 0.026483 seconds .

========================================================================
Received Import Request.
  Time since last request: 0.000336 seconds.
  path: Assets/436539__skyernaklea__creaking-door-05.wav
  artifactKey: Guid(6780b9fbdc49c1b49a3b514eab9b60fb) Importer(815301076,1909f56bfc062723c751e8b465ee728b)
Start importing Assets/436539__skyernaklea__creaking-door-05.wav using Guid(6780b9fbdc49c1b49a3b514eab9b60fb) Importer(815301076,1909f56bfc062723c751e8b465ee728b)  -> (artifact id: '367d66a21eacca4a4decdb6fb062d341') in 0.021649 seconds
  Import took 0.026120 seconds .
>>>>>>> parent of 9908188... Menu fix + deleted "options" from main menu

========================================================================
Received Prepare
Registering precompiled user dll's ...
<<<<<<< HEAD
Registered in 0.000908 seconds.
=======
Registered in 0.000752 seconds.
>>>>>>> parent of 9908188... Menu fix + deleted "options" from main menu
Begin MonoManager ReloadAssembly
Native extension for WindowsStandalone target not found
Refreshing native plugins compatible for Editor in 0.34 ms, found 0 plugins.
Preloading 0 native plugins for Editor in 0.00 ms.
Invoked RoslynAnalysisRunner static constructor.
RoslynAnalysisRunner will not be running.
RoslynAnalysisRunner has terminated.
Mono: successfully reloaded assembly
<<<<<<< HEAD
- Completed reload, in  1.010 seconds
Platform modules already initialized, skipping
Refreshing native plugins compatible for Editor in 0.29 ms, found 0 plugins.
Preloading 0 native plugins for Editor in 0.00 ms.
Unloading 1122 Unused Serialized files (Serialized files now loaded: 0)
System memory in use before: 63.1 MB.
System memory in use after: 63.2 MB.

Unloading 5 unused Assets to reduce memory usage. Loaded Objects now: 1594.
Total: 2.082800 ms (FindLiveObjects: 0.254900 ms CreateObjectMapping: 0.072500 ms MarkObjects: 1.635300 ms  DeleteObjects: 0.118600 ms)
=======
- Completed reload, in  0.852 seconds
Platform modules already initialized, skipping
Refreshing native plugins compatible for Editor in 0.30 ms, found 0 plugins.
Preloading 0 native plugins for Editor in 0.00 ms.
Unloading 1125 Unused Serialized files (Serialized files now loaded: 0)
System memory in use before: 66.0 MB.
System memory in use after: 66.1 MB.

Unloading 5 unused Assets to reduce memory usage. Loaded Objects now: 1634.
Total: 2.790000 ms (FindLiveObjects: 0.253300 ms CreateObjectMapping: 0.068200 ms MarkObjects: 2.406000 ms  DeleteObjects: 0.061000 ms)

========================================================================
Received Prepare
Registering precompiled user dll's ...
Registered in 0.001292 seconds.
Begin MonoManager ReloadAssembly
Native extension for WindowsStandalone target not found
Refreshing native plugins compatible for Editor in 0.30 ms, found 0 plugins.
Preloading 0 native plugins for Editor in 0.00 ms.
Invoked RoslynAnalysisRunner static constructor.
RoslynAnalysisRunner will not be running.
RoslynAnalysisRunner has terminated.
Mono: successfully reloaded assembly
- Completed reload, in  0.810 seconds
Platform modules already initialized, skipping
Refreshing native plugins compatible for Editor in 0.30 ms, found 0 plugins.
Preloading 0 native plugins for Editor in 0.00 ms.
Unloading 1125 Unused Serialized files (Serialized files now loaded: 0)
System memory in use before: 66.0 MB.
System memory in use after: 66.1 MB.

Unloading 5 unused Assets to reduce memory usage. Loaded Objects now: 1637.
Total: 1.683200 ms (FindLiveObjects: 0.145600 ms CreateObjectMapping: 0.036600 ms MarkObjects: 1.430000 ms  DeleteObjects: 0.070200 ms)

========================================================================
Received Import Request.
  Time since last request: 99.394753 seconds.
  path: Assets/DoorPack/TriggerDoorController.cs
  artifactKey: Guid(1c7c9447d6f6275469e99d1caaa52cdc) Importer(815301076,1909f56bfc062723c751e8b465ee728b)
Start importing Assets/DoorPack/TriggerDoorController.cs using Guid(1c7c9447d6f6275469e99d1caaa52cdc) Importer(815301076,1909f56bfc062723c751e8b465ee728b)  -> (artifact id: '3f7f94c0a8768fec203e3cd79981291e') in 0.012656 seconds
  Import took 0.015494 seconds .

========================================================================
Received Prepare
Registering precompiled user dll's ...
Registered in 0.000960 seconds.
Begin MonoManager ReloadAssembly
Native extension for WindowsStandalone target not found
Refreshing native plugins compatible for Editor in 0.34 ms, found 0 plugins.
Preloading 0 native plugins for Editor in 0.00 ms.
Invoked RoslynAnalysisRunner static constructor.
RoslynAnalysisRunner will not be running.
RoslynAnalysisRunner has terminated.
Mono: successfully reloaded assembly
- Completed reload, in  1.033 seconds
Platform modules already initialized, skipping
Refreshing native plugins compatible for Editor in 0.29 ms, found 0 plugins.
Preloading 0 native plugins for Editor in 0.00 ms.
Unloading 1125 Unused Serialized files (Serialized files now loaded: 0)
System memory in use before: 66.0 MB.
System memory in use after: 66.1 MB.

Unloading 5 unused Assets to reduce memory usage. Loaded Objects now: 1640.
Total: 2.530100 ms (FindLiveObjects: 0.243400 ms CreateObjectMapping: 0.069700 ms MarkObjects: 2.147900 ms  DeleteObjects: 0.066800 ms)
>>>>>>> parent of 9908188... Menu fix + deleted "options" from main menu

